<?xml version="1.0" encoding="UTF-8"?>
<testsuite name="com.riglerr.data.controllers.DiscordMessageControllerTest" tests="9" skipped="0" failures="0" errors="0" timestamp="2018-08-02T13:04:14" hostname="rob-XPS-13-9360" time="0.079">
  <properties/>
  <testcase name="shouldAllowSingleModuleAsParameter()" classname="com.riglerr.data.controllers.DiscordMessageControllerTest" time="0.049"/>
  <testcase name="shouldRejectModulesWithEmptyPrefix()" classname="com.riglerr.data.controllers.DiscordMessageControllerTest" time="0.005"/>
  <testcase name="shouldRejectModulesWithNullPrefix()" classname="com.riglerr.data.controllers.DiscordMessageControllerTest" time="0.003"/>
  <testcase name="shouldAllowMultipleModulesAsParameters()" classname="com.riglerr.data.controllers.DiscordMessageControllerTest" time="0.003"/>
  <testcase name="shouldNotExecuteIfNoMatchingModules()" classname="com.riglerr.data.controllers.DiscordMessageControllerTest" time="0.004"/>
  <testcase name="shouldRejectModulesWithEmptyIdentifier()" classname="com.riglerr.data.controllers.DiscordMessageControllerTest" time="0.001"/>
  <testcase name="shouldRejectModulesWithNullIdentifier()" classname="com.riglerr.data.controllers.DiscordMessageControllerTest" time="0.001"/>
  <testcase name="shouldRejectDuplicateModules()" classname="com.riglerr.data.controllers.DiscordMessageControllerTest" time="0.002"/>
  <testcase name="shouldExecuteMatchingModule()" classname="com.riglerr.data.controllers.DiscordMessageControllerTest" time="0.002"/>
  <system-out><![CDATA[]]></system-out>
  <system-err><![CDATA[]]></system-err>
</testsuite>
