<?xml version="1.0" encoding="UTF-8"?>
<testsuite name="com.riglerr.data.controllers.RaidAlertCommandModuleTests" tests="2" skipped="0" failures="0" errors="0" timestamp="2018-08-01T14:56:05" hostname="rob-dev" time="0.299">
  <properties/>
  <testcase name="identifiesAndRunsCreateRaidAlertUseCase()" classname="com.riglerr.data.controllers.RaidAlertCommandModuleTests" time="0.296"/>
  <testcase name="shouldSendErrorMessageWhenNoMatchingCommandFound()" classname="com.riglerr.data.controllers.RaidAlertCommandModuleTests" time="0.002"/>
  <system-out><![CDATA[]]></system-out>
  <system-err><![CDATA[]]></system-err>
</testsuite>
