<?xml version="1.0" encoding="UTF-8"?>
<testsuite name="com.riglerr.domain.entities.AlertTests" tests="1" skipped="0" failures="0" errors="0" timestamp="2018-08-05T12:09:11" hostname="rob-dev" time="0.0">
  <properties/>
  <testcase name="EqualsTest()" classname="com.riglerr.domain.entities.AlertTests" time="0.0"/>
  <system-out><![CDATA[]]></system-out>
  <system-err><![CDATA[]]></system-err>
</testsuite>
