<?xml version="1.0" encoding="UTF-8"?>
<testsuite name="com.riglerr.domain.usecases.CreateRaidAlertUseCaseTests" tests="2" skipped="0" failures="0" errors="0" timestamp="2018-08-06T12:26:26" hostname="rob-dev" time="0.042">
  <properties/>
  <testcase name="successfullySendsSuccessMessage()" classname="com.riglerr.domain.usecases.CreateRaidAlertUseCaseTests" time="0.04"/>
  <testcase name="successfullyParsesMessageAndAddsToRepository()" classname="com.riglerr.domain.usecases.CreateRaidAlertUseCaseTests" time="0.001"/>
  <system-out><![CDATA[]]></system-out>
  <system-err><![CDATA[]]></system-err>
</testsuite>
