<?xml version="1.0" encoding="UTF-8"?>
<testsuite name="com.riglerr.domain.usecases.CreateRaidAlertUseCaseTests" tests="2" skipped="0" failures="0" errors="0" timestamp="2018-08-02T14:12:39" hostname="rob-XPS-13-9360" time="0.049">
  <properties/>
  <testcase name="successfullySendsSuccessMessage()" classname="com.riglerr.domain.usecases.CreateRaidAlertUseCaseTests" time="0.046"/>
  <testcase name="successfullyParsesMessageAndAddsToRepository()" classname="com.riglerr.domain.usecases.CreateRaidAlertUseCaseTests" time="0.002"/>
  <system-out><![CDATA[]]></system-out>
  <system-err><![CDATA[]]></system-err>
</testsuite>
